<?xml version="1.0" encoding="UTF-8"?>
<!-- Generated by org.testng.reporters.JUnitXMLReporter -->
<testsuite ignored="0" hostname="DESKTOP-J1HRN7R" failures="0" tests="4" name="CreateAccountFunctionality" time="0.088" errors="0" timestamp="2022-04-13T17:09:49 EDT">
  <testcase classname="testNGDemo.TestClass" name="test2" time="0.0"/>
  <testcase classname="testNGDemo.TestClass" name="test1" time="0.0"/>
  <testcase classname="testNGDemo.TestClass_2" name="test4" time="0.0"/>
  <testcase classname="testNGDemo.TestClass_2" name="test3" time="0.0"/>
</testsuite> <!-- CreateAccountFunctionality -->
